<html>
  <head>
    <meta content="text/html; charset=iso-8859-1" http-equiv="Content-Type">
    <title>Testoob report</title>
  </head>
  <body>
    <h2>Summarized results for tests performed on date Tue Sep  4 07:05:08 2012</h2>
    <table border="1">
      <tr>
        <td>Name</td>
        <td>Time</td>
        <td>Result</td>
        <td>Info</td>
      </tr>
      <tr>
        <td>test_user_blob_archive_UntrustedToken (user_blob_archive.archive_blob)</td>
        <td>0.1500</td>
        <td><font color="green">Success</font></td>
      </tr>
      <tr>
        <td>test_user_blob_archive_empty_uidlist (user_blob_archive.archive_blob)</td>
        <td>0.0251</td>
        <td><font color="red">failure</font></td>
        <td>
          <pre>Traceback (most recent call last):
  File "/home/vpatil/greyhound-server/tests/scripts/internal/user_blob_archive.py", line 114, in test_user_blob_archive_empty_uidlist
    self.assertTrue(ret,msg="Refer Jira defect: SEG-9277")
AssertionError: Refer Jira defect: SEG-9277
</pre>
        </td>
      </tr>
      <tr>
        <td>test_user_blob_archive_functional (user_blob_archive.archive_blob)</td>
        <td>0.1161</td>
        <td><font color="green">Success</font></td>
      </tr>
      <tr>
        <td>test_user_blob_archive_wrong_version (user_blob_archive.archive_blob)</td>
        <td>0.0030</td>
        <td><font color="green">Success</font></td>
      </tr>
      <tr>
        <td>test_user_blob_archive_zids_with_no_current_blob (user_blob_archive.archive_blob)</td>
        <td>0.1038</td>
        <td><font color="green">Success</font></td>
      </tr>
      <tr>
        <td>test_archive_queue_fetch_UntrustedToken (archive_queue_fetch.archive_fetch)</td>
        <td>1.0124</td>
        <td><font color="green">Success</font></td>
      </tr>
      <tr>
        <td>test_archive_queue_fetch_functional (archive_queue_fetch.archive_fetch)</td>
        <td>1.0330</td>
        <td><font color="green">Success</font></td>
      </tr>
      <tr>
        <td>test_archive_queue_fetch_when_queue_is_empty (archive_queue_fetch.archive_fetch)</td>
        <td>1.0980</td>
        <td><font color="green">Success</font></td>
      </tr>
      <tr>
        <td>test_archive_queue_fetch_with_wrong_version (archive_queue_fetch.archive_fetch)</td>
        <td>1.0000</td>
        <td><font color="green">Success</font></td>
      </tr>
      <tr>
        <td>test_archive_queue_empty_uidlist (archive_queue_update.archive_update)</td>
        <td>0.0069</td>
        <td><font color="red">failure</font></td>
        <td>
          <pre>Traceback (most recent call last):
  File "/home/vpatil/greyhound-server/tests/scripts/internal/archive_queue_update.py", line 68, in test_archive_queue_empty_uidlist
    self.assertTrue(ret,msg="Refer Jira defect: SEG_9277")
AssertionError: Refer Jira defect: SEG_9277
</pre>
        </td>
      </tr>
      <tr>
        <td>test_archive_queue_update_functional (archive_queue_update.archive_update)</td>
        <td>0.0265</td>
        <td><font color="green">Success</font></td>
      </tr>
      <tr>
        <td>test_archive_queue_update_with_Untrusted_token (archive_queue_update.archive_update)</td>
        <td>0.0074</td>
        <td><font color="green">Success</font></td>
      </tr>
      <tr>
        <td>test_archive_queue_update_wrong_version (archive_queue_update.archive_update)</td>
        <td>0.0064</td>
        <td><font color="green">Success</font></td>
      </tr>
      <tr>
        <td>test_user_blob_delete_for_zid_with_no_blob (user_blob_delete.blob_delete_class)</td>
        <td>0.0221</td>
        <td><font color="green">Success</font></td>
      </tr>
      <tr>
        <td>test_user_blob_delete_functional (user_blob_delete.blob_delete_class)</td>
        <td>0.0165</td>
        <td><font color="green">Success</font></td>
      </tr>
      <tr>
        <td>test_credibility_get_expired_token (credibility_get.credibility_get)</td>
        <td>3.0297</td>
        <td><font color="green">Success</font></td>
      </tr>
      <tr>
        <td>test_credibility_get_functional (credibility_get.credibility_get)</td>
        <td>2.0543</td>
        <td><font color="green">Success</font></td>
      </tr>
      <tr>
        <td>test_credibility_get_untrusted_auth (credibility_get.credibility_get)</td>
        <td>1.0044</td>
        <td><font color="green">Success</font></td>
      </tr>
      <tr>
        <td>test_credibility_get_without_uid (credibility_get.credibility_get)</td>
        <td>1.0035</td>
        <td><font color="green">Success</font></td>
      </tr>
      <tr>
        <td>test_dau_queue_fetch_TrustedToken (dau_queue_fetch.dau_fetch)</td>
        <td>1.0037</td>
        <td><font color="green">Success</font></td>
      </tr>
      <tr>
        <td>test_dau_queue_fetch_functional (dau_queue_fetch.dau_fetch)</td>
        <td>1.0498</td>
        <td><font color="green">Success</font></td>
      </tr>
      <tr>
        <td>test_dau_queue_fetch_when_queue_is_empty (dau_queue_fetch.dau_fetch)</td>
        <td>1.0597</td>
        <td><font color="green">Success</font></td>
      </tr>
      <tr>
        <td>test_dau_queue_fetch_with_wrong_version (dau_queue_fetch.dau_fetch)</td>
        <td>1.0066</td>
        <td><font color="green">Success</font></td>
      </tr>
      <tr>
        <td>test_dau_queue_empty_uidlist (dau_queue_update.dau_update_class)</td>
        <td>0.0025</td>
        <td><font color="red">failure</font></td>
        <td>
          <pre>Traceback (most recent call last):
  File "/home/vpatil/greyhound-server/tests/scripts/internal/dau_queue_update.py", line 70, in test_dau_queue_empty_uidlist
    self.assertTrue(ret,msg="Refer Jira defect: SEG_9277")
AssertionError: Refer Jira defect: SEG_9277
</pre>
        </td>
      </tr>
      <tr>
        <td>test_dau_queue_update_UntrustedToken (dau_queue_update.dau_update_class)</td>
        <td>0.0022</td>
        <td><font color="green">Success</font></td>
      </tr>
      <tr>
        <td>test_dau_queue_update_functional (dau_queue_update.dau_update_class)</td>
        <td>0.0172</td>
        <td><font color="green">Success</font></td>
      </tr>
      <tr>
        <td>test_dau_queue_update_wrong_version (dau_queue_update.dau_update_class)</td>
        <td>0.0028</td>
        <td><font color="green">Success</font></td>
      </tr>
      <tr>
        <td>test_fraud_update_UntrustedToken (fraud_update.fraud_update_class)</td>
        <td>0.0022</td>
        <td><font color="green">Success</font></td>
      </tr>
      <tr>
        <td>test_fraud_update_empty_uidlist (fraud_update.fraud_update_class)</td>
        <td>0.0068</td>
        <td><font color="green">Success</font></td>
      </tr>
      <tr>
        <td>test_fraud_update_functional (fraud_update.fraud_update_class)</td>
        <td>0.0062</td>
        <td><font color="green">Success</font></td>
      </tr>
      <tr>
        <td>test_fraud_update_wrong_version (fraud_update.fraud_update_class)</td>
        <td>0.0023</td>
        <td><font color="green">Success</font></td>
      </tr>
      <tr>
        <td>test_user_blob_golden_revert_functional (user_blob_revert_golden.golden_revert_class)</td>
        <td>0.0403</td>
        <td><font color="green">Success</font></td>
      </tr>
      <tr>
        <td>test_user_blob_golden_revert_with_UntrustedToken (user_blob_revert_golden.golden_revert_class)</td>
        <td>0.0070</td>
        <td><font color="green">Success</font></td>
      </tr>
      <tr>
        <td>test_user_blob_golden_revert_with_no_golden_blob (user_blob_revert_golden.golden_revert_class)</td>
        <td>0.0131</td>
        <td><font color="green">Success</font></td>
      </tr>
      <tr>
        <td>test_user_blob_golden_revert_with_wrong_version (user_blob_revert_golden.golden_revert_class)</td>
        <td>0.0024</td>
        <td><font color="green">Success</font></td>
      </tr>
      <tr>
        <td>test_golden_update_for_zid_with_no_blob (user_golden_blob_update.golden_update_class)</td>
        <td>0.0171</td>
        <td><font color="green">Success</font></td>
      </tr>
      <tr>
        <td>test_golden_update_functional (user_golden_blob_update.golden_update_class)</td>
        <td>0.0564</td>
        <td><font color="green">Success</font></td>
      </tr>
      <tr>
        <td>test_golden_update_with_UntrustedToken (user_golden_blob_update.golden_update_class)</td>
        <td>0.0024</td>
        <td><font color="green">Success</font></td>
      </tr>
      <tr>
        <td>test_golden_update_with_wrong_version (user_golden_blob_update.golden_update_class)</td>
        <td>0.0065</td>
        <td><font color="green">Success</font></td>
      </tr>
      <tr>
        <td>test_history_get_functional (user_history_get.history_get_class)</td>
        <td>0.0151</td>
        <td><font color="green">Success</font></td>
      </tr>
      <tr>
        <td>test_history_get_invalid_version (user_history_get.history_get_class)</td>
        <td>0.0081</td>
        <td><font color="green">Success</font></td>
      </tr>
      <tr>
        <td>test_history_get_untrusted_token (user_history_get.history_get_class)</td>
        <td>0.0126</td>
        <td><font color="green">Success</font></td>
      </tr>
      <tr>
        <td>test_history_get_wrong_time_stamps (user_history_get.history_get_class)</td>
        <td>0.0152</td>
        <td><font color="green">Success</font></td>
      </tr>
      <tr>
        <td>test_history_update_expired_token (history_update.history_update)</td>
        <td>3.0248</td>
        <td><font color="green">Success</font></td>
      </tr>
      <tr>
        <td>test_history_update_functional (history_update.history_update)</td>
        <td>0.0203</td>
        <td><font color="green">Success</font></td>
      </tr>
      <tr>
        <td>test_history_update_normal_token (history_update.history_update)</td>
        <td>0.0029</td>
        <td><font color="green">Success</font></td>
      </tr>
      <tr>
        <td>test_history_update_wrong_version (history_update.history_update)</td>
        <td>0.0030</td>
        <td><font color="green">Success</font></td>
      </tr>
      <tr>
        <td>test_meta_threshold_get (meta_threshold_get.meta_threshold_get)</td>
        <td>3.0127</td>
        <td><font color="green">Success</font></td>
      </tr>
      <tr>
        <td>test_meta_threshold_get_invalid_version (meta_threshold_get.meta_threshold_get)</td>
        <td>0.0029</td>
        <td><font color="green">Success</font></td>
      </tr>
      <tr>
        <td>test_payments_meta_get_UntrustedToken (payments_meta_get.payments_get_class)</td>
        <td>0.0035</td>
        <td><font color="green">Success</font></td>
      </tr>
      <tr>
        <td>test_payments_meta_get_functional (payments_meta_get.payments_get_class)</td>
        <td>1.4834</td>
        <td><font color="green">Success</font></td>
      </tr>
      <tr>
        <td>test_payments_meta_get_wrong_version (payments_meta_get.payments_get_class)</td>
        <td>0.0027</td>
        <td><font color="green">Success</font></td>
      </tr>
      <tr>
        <td>test_reputation_get_functional (reputation_get.reputation_get)</td>
        <td>0.0037</td>
        <td><font color="green">Success</font></td>
      </tr>
      <tr>
        <td>test_reputation_get_invalid_version (reputation_get.reputation_get)</td>
        <td>0.0021</td>
        <td><font color="green">Success</font></td>
      </tr>
      <tr>
        <td>test_reputation_get_untrusted_token (reputation_get.reputation_get)</td>
        <td>0.0024</td>
        <td><font color="green">Success</font></td>
      </tr>
      <tr>
        <td>test_reputation_update_credibility_greater (reputation_update.reputation_update)</td>
        <td>1.0348</td>
        <td><font color="red">failure</font></td>
        <td>
          <pre>Traceback (most recent call last):
  File "/home/vpatil/greyhound-server/tests/scripts/internal/reputation_update.py", line 75, in test_reputation_update_credibility_greater
    self.assertTrue(ret, msg='Refer jira bug SEG-9260')
AssertionError: Refer jira bug SEG-9260
</pre>
        </td>
      </tr>
      <tr>
        <td>test_reputation_update_empty_reputation (reputation_update.reputation_update)</td>
        <td>1.0302</td>
        <td><font color="red">failure</font></td>
        <td>
          <pre>Traceback (most recent call last):
  File "/home/vpatil/greyhound-server/tests/scripts/internal/reputation_update.py", line 82, in test_reputation_update_empty_reputation
    self.assertTrue(ret, msg= "Refer Jira defect: SEG-9277")
AssertionError: Refer Jira defect: SEG-9277
</pre>
        </td>
      </tr>
      <tr>
        <td>test_reputation_update_functional (reputation_update.reputation_update)</td>
        <td>1.0365</td>
        <td><font color="green">Success</font></td>
      </tr>
      <tr>
        <td>test_reputation_update_untrusted_token (reputation_update.reputation_update)</td>
        <td>1.0066</td>
        <td><font color="green">Success</font></td>
      </tr>
      <tr>
        <td>test_reputation_update_wrong_version (reputation_update.reputation_update)</td>
        <td>1.0002</td>
        <td><font color="green">Success</font></td>
      </tr>
      <tr>
        <td>test_user_blob_revert_UntrustedToken (user_blob_revert.revert_blob)</td>
        <td>0.0074</td>
        <td><font color="green">Success</font></td>
      </tr>
      <tr>
        <td>test_user_blob_revert_functional (user_blob_revert.revert_blob)</td>
        <td>0.1174</td>
        <td><font color="green">Success</font></td>
      </tr>
      <tr>
        <td>test_user_blob_revert_wrong_version (user_blob_revert.revert_blob)</td>
        <td>0.0063</td>
        <td><font color="green">Success</font></td>
      </tr>
      <tr>
        <td>test_threshold_fetch_functional (thresholds_fetch.thresholds_fetch)</td>
        <td>0.0083</td>
        <td><font color="green">Success</font></td>
      </tr>
      <tr>
        <td>test_threshold_fetch_untrusted_token (thresholds_fetch.thresholds_fetch)</td>
        <td>0.0062</td>
        <td><font color="green">Success</font></td>
      </tr>
      <tr>
        <td>test_threshold_fetch_wrong_version (thresholds_fetch.thresholds_fetch)</td>
        <td>0.0063</td>
        <td><font color="green">Success</font></td>
      </tr>
      <tr>
        <td>test_threshold_update_empty_level (thresholds_update.thresholds_update)</td>
        <td>0.0103</td>
        <td><font color="red">failure</font></td>
        <td>
          <pre>Traceback (most recent call last):
  File "/home/vpatil/greyhound-server/tests/scripts/internal/thresholds_update.py", line 64, in test_threshold_update_empty_level
    self.assertTrue(ret,msg="Refer Jira defect SEG-9263")
AssertionError: Refer Jira defect SEG-9263
</pre>
        </td>
      </tr>
      <tr>
        <td>test_threshold_update_functional (thresholds_update.thresholds_update)</td>
        <td>0.0103</td>
        <td><font color="green">Success</font></td>
      </tr>
      <tr>
        <td>test_threshold_update_incorrect_input (thresholds_update.thresholds_update)</td>
        <td>0.0094</td>
        <td><font color="red">failure</font></td>
        <td>
          <pre>Traceback (most recent call last):
  File "/home/vpatil/greyhound-server/tests/scripts/internal/thresholds_update.py", line 71, in test_threshold_update_incorrect_input
    self.assertTrue(ret,msg="Refer Jira defect SEG-9277")
AssertionError: Refer Jira defect SEG-9277
</pre>
        </td>
      </tr>
      <tr>
        <td>test_threshold_update_wrong_version (thresholds_update.thresholds_update)</td>
        <td>0.0072</td>
        <td><font color="green">Success</font></td>
      </tr>
    </table>
  </body>
</html>